{
  "RSpec": {
    "coverage": {
      "/Users/paweltrela/Ruby/jakiepies/app/models/answer.rb": {
        "lines": [
          1,
          1,
          1,
          null
        ]
      },
      "/Users/paweltrela/Ruby/jakiepies/app/models/application_record.rb": {
        "lines": [
          1,
          1,
          null
        ]
      },
      "/Users/paweltrela/Ruby/jakiepies/app/models/dog.rb": {
        "lines": [
          1,
          1,
          null
        ]
      },
      "/Users/paweltrela/Ruby/jakiepies/app/models/poll.rb": {
        "lines": [
          1,
          null
        ]
      },
      "/Users/paweltrela/Ruby/jakiepies/app/models/question.rb": {
        "lines": [
          1,
          1,
          null
        ]
      },
      "/Users/paweltrela/Ruby/jakiepies/app/controllers/answers_controller.rb": {
        "lines": [
          1,
          1,
          0,
          null,
          0,
          null,
          null,
          1,
          0,
          0,
          0,
          0,
          null,
          0,
          null,
          null
        ]
      },
      "/Users/paweltrela/Ruby/jakiepies/app/controllers/application_controller.rb": {
        "lines": [
          null,
          null,
          1,
          1,
          1,
          null,
          1,
          null,
          1,
          0,
          0,
          null,
          null
        ]
      },
      "/Users/paweltrela/Ruby/jakiepies/app/controllers/dogs_controller.rb": {
        "lines": [
          1,
          1,
          0,
          null,
          0,
          null,
          null
        ]
      },
      "/Users/paweltrela/Ruby/jakiepies/app/controllers/questions_controller.rb": {
        "lines": [
          1,
          1,
          0,
          null,
          0,
          null,
          null
        ]
      },
      "/Users/paweltrela/Ruby/jakiepies/app/mailers/application_mailer.rb": {
        "lines": [
          0,
          0,
          0,
          0
        ],
        "branches": {
        }
      },
      "/Users/paweltrela/Ruby/jakiepies/app/models/user.rb": {
        "lines": [
          null,
          null,
          null,
          0,
          0,
          0
        ],
        "branches": {
        }
      },
      "/Users/paweltrela/Ruby/jakiepies/app/commands/authenticate_user.rb": {
        "lines": [
          null,
          null,
          0,
          null,
          0,
          0,
          null,
          0,
          0,
          0,
          0,
          null,
          0,
          0,
          0,
          null,
          0,
          null,
          0,
          null,
          0,
          0,
          0,
          null,
          0,
          0,
          0,
          0
        ],
        "branches": {
        }
      },
      "/Users/paweltrela/Ruby/jakiepies/app/commands/authorize_api_request.rb": {
        "lines": [
          null,
          null,
          0,
          0,
          null,
          0,
          0,
          0,
          null,
          0,
          0,
          0,
          null,
          0,
          null,
          0,
          null,
          0,
          0,
          0,
          0,
          null,
          0,
          0,
          0,
          null,
          0,
          0,
          0,
          0,
          0,
          0,
          0,
          0,
          0
        ],
        "branches": {
        }
      },
      "/Users/paweltrela/Ruby/jakiepies/app/jobs/application_job.rb": {
        "lines": [
          0,
          null,
          null,
          null,
          null,
          null,
          0
        ],
        "branches": {
        }
      },
      "/Users/paweltrela/Ruby/jakiepies/app/controllers/authentication_controller.rb": {
        "lines": [
          0,
          0,
          null,
          0,
          0,
          null,
          0,
          0,
          0,
          0,
          0,
          0,
          0
        ],
        "branches": {
        }
      },
      "/Users/paweltrela/Ruby/jakiepies/app/services/dog_matcher.rb": {
        "lines": [
          null,
          null,
          null,
          0,
          0,
          0,
          0,
          0,
          null,
          0,
          0,
          0,
          0,
          0,
          0,
          0,
          0,
          null,
          0,
          null,
          0,
          0,
          0,
          0,
          0,
          0,
          0,
          0,
          0,
          null,
          0,
          0,
          0,
          0
        ],
        "branches": {
        }
      },
      "/Users/paweltrela/Ruby/jakiepies/app/channels/application_cable/connection.rb": {
        "lines": [
          0,
          0,
          0,
          0
        ],
        "branches": {
        }
      },
      "/Users/paweltrela/Ruby/jakiepies/app/channels/application_cable/channel.rb": {
        "lines": [
          0,
          0,
          0,
          0
        ],
        "branches": {
        }
      },
      "/Users/paweltrela/Ruby/jakiepies/lib/json_web_token.rb": {
        "lines": [
          null,
          null,
          null,
          0,
          0,
          0,
          0,
          0,
          0,
          null,
          0,
          0,
          0,
          0,
          0,
          0,
          0,
          0
        ],
        "branches": {
        }
      }
    },
    "timestamp": 1595803347
  }
}
